<?xml version="1.0" encoding="UTF-8"?>
<!-- Generated by org.testng.reporters.JUnitXMLReporter -->
<testsuite ignored="0" hostname="DESKTOP-9BVIAGG" failures="0" tests="4" name="Default test" time="107.216" errors="0" timestamp="2023-10-25T18:05:40 IST">
  <testcase classname="AdmifyWindows.LeadsPage" name="AddLeads" time="5.449"/>
  <testcase classname="AdmifyWindows.LeadsPage" name="AddLeadForm" time="34.167"/>
  <testcase classname="AdmifyWindows.LeadsPage" name="Filter" time="32.747"/>
  <testcase classname="AdmifyWindows.LeadsPage" name="AddGroup" time="33.862"/>
</testsuite> <!-- Default test -->
