<?xml version="1.0" encoding="UTF-8"?>
<!-- Generated by org.testng.reporters.JUnitXMLReporter -->
<testsuite ignored="0" hostname="DESKTOP-9BVIAGG" failures="0" tests="7" name="Default test" time="41.559" errors="0" timestamp="2023-10-11T10:17:10 IST">
  <testcase classname="AdmifyWindows.LoginPage" name="Login" time="0.807"/>
  <testcase classname="AdmifyWindows.LoginPage" name="Dashboard" time="10.776"/>
  <testcase classname="AdmifyWindows.LoginPage" name="DashboardLeadsCount" time="4.636"/>
  <testcase classname="AdmifyWindows.LoginPage" name="counsellor" time="4.574"/>
  <testcase classname="AdmifyWindows.LoginPage" name="Task" time="8.567"/>
  <testcase classname="AdmifyWindows.LoginPage" name="Leads" time="5.55"/>
  <testcase classname="AdmifyWindows.LoginPage" name="FunctionalGrid" time="6.577"/>
</testsuite> <!-- Default test -->
