<?xml version="1.0" encoding="UTF-8"?>
<!-- Generated by org.testng.reporters.JUnitXMLReporter -->
<testsuite ignored="0" hostname="DESKTOP-9BVIAGG" failures="0" tests="3" name="Default test" time="56.172" errors="0" timestamp="2023-10-16T16:34:55 IST">
  <testcase classname="AdmifyWindows.LeadsPage" name="AddLeads" time="5.538"/>
  <testcase classname="AdmifyWindows.LeadsPage" name="AddLeadForm" time="40.613"/>
  <testcase classname="AdmifyWindows.LeadsPage" name="Filter" time="9.227"/>
</testsuite> <!-- Default test -->
