<?xml version="1.0" encoding="UTF-8"?>
<!-- Generated by org.testng.reporters.JUnitXMLReporter -->
<testsuite ignored="0" hostname="DESKTOP-9BVIAGG" failures="0" tests="4" name="Default test" time="74.296" errors="0" timestamp="2023-10-20T15:33:27 IST">
  <testcase classname="AdmifyWindows.LeadsPage" name="AddLeads" time="5.058"/>
  <testcase classname="AdmifyWindows.LeadsPage" name="AddLeadForm" time="32.963"/>
  <testcase classname="AdmifyWindows.LeadsPage" name="Filter" time="29.61"/>
  <testcase classname="AdmifyWindows.LeadsPage" name="AddGroup" time="5.615"/>
</testsuite> <!-- Default test -->
