<?xml version="1.0" encoding="UTF-8"?>
<!-- Generated by org.testng.reporters.JUnitXMLReporter -->
<testsuite ignored="0" hostname="eulogik" failures="0" tests="3" name="Default test" time="89.022" errors="0" timestamp="2023-11-03T13:03:39 IST">
  <testcase classname="AdmifyWindows.TasksPage" name="AddTask" time="34.025"/>
  <testcase classname="AdmifyWindows.TasksPage" name="TasksFunctionality" time="35.718"/>
  <testcase classname="AdmifyWindows.TasksPage" name="TaskDetial" time="18.785"/>
</testsuite> <!-- Default test -->
