<?xml version="1.0" encoding="UTF-8"?>
<!-- Generated by org.testng.reporters.JUnitXMLReporter -->
<testsuite ignored="6" hostname="DESKTOP-9BVIAGG" failures="0" tests="12" name="CompleteProject" time="209.159" errors="0" timestamp="2023-10-25T22:11:29 IST">
  <testcase classname="AdmifyWindows.Dashboard" name="DashBoard" time="10.765"/>
  <testcase classname="AdmifyWindows.Dashboard" name="DashboardLeadsCount" time="4.645"/>
  <testcase classname="AdmifyWindows.Dashboard" name="counsellor" time="4.589"/>
  <testcase classname="AdmifyWindows.Dashboard" name="Task" time="8.652"/>
  <testcase classname="AdmifyWindows.Dashboard" name="Leads" time="5.611"/>
  <testcase classname="AdmifyWindows.Dashboard" name="FunctionalGrid" time="7.026"/>
  <testcase classname="AdmifyWindows.LeadsPage" name="AddLeads" time="4.879"/>
  <testcase classname="AdmifyWindows.LeadsPage" name="AddLeadForm" time="33.225"/>
  <testcase classname="AdmifyWindows.LeadsPage" name="Filter" time="31.389"/>
  <testcase classname="AdmifyWindows.LeadsPage" name="AddGroup" time="33.912"/>
  <testcase classname="AdmifyWindows.InvalidLeads" name="InValidLeads" time="55.487"/>
  <testcase classname="AdmifyWindows.InvalidLeads" name="EditInvalidLeads" time="8.124"/>
  <testcase classname="Baseclass.Browser_configration" name="@BeforeSuite beforeMethod" time="0.0">
    <ignored/>
  </testcase> <!-- @BeforeSuite beforeMethod -->
  <testcase classname="Baseclass.Browser_configration" name="@BeforeSuite beforeMethod" time="0.0">
    <ignored/>
  </testcase> <!-- @BeforeSuite beforeMethod -->
  <testcase classname="Baseclass.Browser_configration" name="@BeforeSuite beforeMethod" time="0.0">
    <ignored/>
  </testcase> <!-- @BeforeSuite beforeMethod -->
  <testcase classname="AdmifyWindows.LoginPage" name="@BeforeTest Login" time="0.0">
    <ignored/>
  </testcase> <!-- @BeforeTest Login -->
  <testcase classname="AdmifyWindows.LoginPage" name="@BeforeTest Login" time="0.0">
    <ignored/>
  </testcase> <!-- @BeforeTest Login -->
  <testcase classname="AdmifyWindows.LoginPage" name="@BeforeTest Login" time="0.0">
    <ignored/>
  </testcase> <!-- @BeforeTest Login -->
</testsuite> <!-- CompleteProject -->
