<?xml version="1.0" encoding="UTF-8"?>
<!-- Generated by org.testng.reporters.JUnitXMLReporter -->
<testsuite ignored="12" hostname="eulogik" failures="0" tests="16" name="CompleteProject" time="332.29" errors="0" timestamp="2023-10-28T11:33:31 IST">
  <testcase classname="AdmifyWindows.Dashboard" name="DashBoard" time="10.551"/>
  <testcase classname="AdmifyWindows.Dashboard" name="DashboardLeadsCount" time="4.567"/>
  <testcase classname="AdmifyWindows.Dashboard" name="counsellor" time="4.644"/>
  <testcase classname="AdmifyWindows.Dashboard" name="Task" time="8.931"/>
  <testcase classname="AdmifyWindows.Dashboard" name="Leads" time="5.514"/>
  <testcase classname="AdmifyWindows.Dashboard" name="FunctionalGrid" time="16.17"/>
  <testcase classname="AdmifyWindows.LeadsPage" name="AddLeads" time="4.828"/>
  <testcase classname="AdmifyWindows.LeadsPage" name="AddLeadForm" time="36.176"/>
  <testcase classname="AdmifyWindows.LeadsPage" name="Filter" time="33.761"/>
  <testcase classname="AdmifyWindows.LeadsPage" name="AddGroup" time="36.243"/>
  <testcase classname="AdmifyWindows.InvalidLeads" name="InValidLeads" time="57.228"/>
  <testcase classname="AdmifyWindows.InvalidLeads" name="EditInvalidLeads" time="11.81"/>
  <testcase classname="AdmifyWindows.Referrers" name="AddReferrer" time="58.344"/>
  <testcase classname="AdmifyWindows.Documents" name="CreateDocument" time="26.317"/>
  <testcase classname="AdmifyWindows.Groups" name="CreateGroups" time="10.527"/>
  <testcase classname="AdmifyWindows.Groups" name="GroupDetailPage" time="5.725"/>
  <testcase classname="Baseclass.Browser_configration" name="@BeforeSuite beforeMethod" time="0.0">
    <ignored/>
  </testcase> <!-- @BeforeSuite beforeMethod -->
  <testcase classname="Baseclass.Browser_configration" name="@BeforeSuite beforeMethod" time="0.0">
    <ignored/>
  </testcase> <!-- @BeforeSuite beforeMethod -->
  <testcase classname="AdmifyWindows.LoginPage" name="@BeforeTest Login" time="0.0">
    <ignored/>
  </testcase> <!-- @BeforeTest Login -->
  <testcase classname="Baseclass.Browser_configration" name="@BeforeSuite beforeMethod" time="0.0">
    <ignored/>
  </testcase> <!-- @BeforeSuite beforeMethod -->
  <testcase classname="Baseclass.Browser_configration" name="@BeforeSuite beforeMethod" time="0.0">
    <ignored/>
  </testcase> <!-- @BeforeSuite beforeMethod -->
  <testcase classname="AdmifyWindows.LoginPage" name="@BeforeTest Login" time="0.0">
    <ignored/>
  </testcase> <!-- @BeforeTest Login -->
  <testcase classname="Baseclass.Browser_configration" name="@BeforeSuite beforeMethod" time="0.0">
    <ignored/>
  </testcase> <!-- @BeforeSuite beforeMethod -->
  <testcase classname="AdmifyWindows.LoginPage" name="@BeforeTest Login" time="0.0">
    <ignored/>
  </testcase> <!-- @BeforeTest Login -->
  <testcase classname="AdmifyWindows.LoginPage" name="@BeforeTest Login" time="0.0">
    <ignored/>
  </testcase> <!-- @BeforeTest Login -->
  <testcase classname="AdmifyWindows.LoginPage" name="@BeforeTest Login" time="0.0">
    <ignored/>
  </testcase> <!-- @BeforeTest Login -->
  <testcase classname="AdmifyWindows.LoginPage" name="@BeforeTest Login" time="0.0">
    <ignored/>
  </testcase> <!-- @BeforeTest Login -->
  <testcase classname="Baseclass.Browser_configration" name="@BeforeSuite beforeMethod" time="0.0">
    <ignored/>
  </testcase> <!-- @BeforeSuite beforeMethod -->
</testsuite> <!-- CompleteProject -->
