<?xml version="1.0" encoding="UTF-8"?>
<!-- Generated by org.testng.reporters.JUnitXMLReporter -->
<testsuite ignored="26" hostname="eulogik" failures="0" tests="31" name="CompleteProject" time="496.141" errors="0" timestamp="2023-11-10T16:54:25 IST">
  <testcase classname="AdmifyWindows.Dashboard" name="DashBoard" time="10.447"/>
  <testcase classname="AdmifyWindows.Dashboard" name="DashboardLeadsCount" time="4.467"/>
  <testcase classname="AdmifyWindows.Dashboard" name="counsellor" time="4.417"/>
  <testcase classname="AdmifyWindows.Dashboard" name="Task" time="8.437"/>
  <testcase classname="AdmifyWindows.Dashboard" name="Leads" time="5.416"/>
  <testcase classname="AdmifyWindows.Dashboard" name="FunctionalGrid" time="14.686"/>
  <testcase classname="AdmifyWindows.LeadsPage" name="AddLeads" time="4.632"/>
  <testcase classname="AdmifyWindows.LeadsPage" name="AddLeadForm" time="30.897"/>
  <testcase classname="AdmifyWindows.LeadsPage" name="Filter" time="31.164"/>
  <testcase classname="AdmifyWindows.LeadsPage" name="AddGroup" time="32.239"/>
  <testcase classname="AdmifyWindows.InvalidLeads" name="InValidLeads" time="53.135"/>
  <testcase classname="AdmifyWindows.InvalidLeads" name="EditInvalidLeads" time="9.255"/>
  <testcase classname="AdmifyWindows.Referrers" name="AddReferrer" time="52.996"/>
  <testcase classname="AdmifyWindows.Documents" name="CreateDocument" time="28.317"/>
  <testcase classname="AdmifyWindows.Groups" name="CreateGroups" time="10.155"/>
  <testcase classname="AdmifyWindows.Groups" name="GroupDetailPage" time="27.146"/>
  <testcase classname="AdmifyWindows.Demos" name="CreateDemo" time="27.414"/>
  <testcase classname="AdmifyWindows.Demos" name="TableColumns" time="8.274"/>
  <testcase classname="AdmifyWindows.StagesPage" name="AddStages" time="20.311"/>
  <testcase classname="AdmifyWindows.TeamLeaderPage" name="TeamLeaderFields" time="4.925"/>
  <testcase classname="AdmifyWindows.TeamLeaderPage" name="AddTeamLeader" time="11.42"/>
  <testcase classname="AdmifyWindows.TeamLeaderPage" name="TeamLeaderTasks" time="8.645"/>
  <testcase classname="AdmifyWindows.CounsellorPage" name="AddCounselors" time="12.343"/>
  <testcase classname="AdmifyWindows.CounsellorPage" name="CounselorUpdate" time="10.18"/>
  <testcase classname="AdmifyWindows.CounsellorPage" name="CounselorDetail" time="6.427"/>
  <testcase classname="AdmifyWindows.CounsellorPage" name="CounselorTaskDetail" time="1.534"/>
  <testcase classname="AdmifyWindows.StaffPage" name="AddStaff" time="13.494"/>
  <testcase classname="AdmifyWindows.StaffPage" name="StaffDetail" time="9.759"/>
  <testcase classname="AdmifyWindows.SchoolPage" name="AddSchool" time="7.821"/>
  <testcase classname="AdmifyWindows.SchoolPage" name="EditSchool" time="3.386"/>
  <testcase classname="AdmifyWindows.SettingsPage" name="settingProfile" time="21.798"/>
  <testcase classname="Baseclass.Browser_configration" name="@BeforeSuite beforeMethod" time="0.0">
    <ignored/>
  </testcase> <!-- @BeforeSuite beforeMethod -->
  <testcase classname="Baseclass.Browser_configration" name="@BeforeSuite beforeMethod" time="0.0">
    <ignored/>
  </testcase> <!-- @BeforeSuite beforeMethod -->
  <testcase classname="AdmifyWindows.LoginPage" name="@BeforeTest Login" time="0.0">
    <ignored/>
  </testcase> <!-- @BeforeTest Login -->
  <testcase classname="AdmifyWindows.LoginPage" name="@BeforeTest Login" time="0.0">
    <ignored/>
  </testcase> <!-- @BeforeTest Login -->
  <testcase classname="AdmifyWindows.LoginPage" name="@BeforeTest Login" time="0.0">
    <ignored/>
  </testcase> <!-- @BeforeTest Login -->
  <testcase classname="Baseclass.Browser_configration" name="@BeforeSuite beforeMethod" time="0.0">
    <ignored/>
  </testcase> <!-- @BeforeSuite beforeMethod -->
  <testcase classname="Baseclass.Browser_configration" name="@BeforeSuite beforeMethod" time="0.0">
    <ignored/>
  </testcase> <!-- @BeforeSuite beforeMethod -->
  <testcase classname="Baseclass.Browser_configration" name="@BeforeSuite beforeMethod" time="0.0">
    <ignored/>
  </testcase> <!-- @BeforeSuite beforeMethod -->
  <testcase classname="AdmifyWindows.LoginPage" name="@BeforeTest Login" time="0.0">
    <ignored/>
  </testcase> <!-- @BeforeTest Login -->
  <testcase classname="Baseclass.Browser_configration" name="@BeforeSuite beforeMethod" time="0.0">
    <ignored/>
  </testcase> <!-- @BeforeSuite beforeMethod -->
  <testcase classname="AdmifyWindows.LoginPage" name="@BeforeTest Login" time="0.0">
    <ignored/>
  </testcase> <!-- @BeforeTest Login -->
  <testcase classname="AdmifyWindows.LoginPage" name="@BeforeTest Login" time="0.0">
    <ignored/>
  </testcase> <!-- @BeforeTest Login -->
  <testcase classname="AdmifyWindows.LoginPage" name="@BeforeTest Login" time="0.0">
    <ignored/>
  </testcase> <!-- @BeforeTest Login -->
  <testcase classname="AdmifyWindows.LoginPage" name="@BeforeTest Login" time="0.0">
    <ignored/>
  </testcase> <!-- @BeforeTest Login -->
  <testcase classname="AdmifyWindows.LoginPage" name="@BeforeTest Login" time="0.0">
    <ignored/>
  </testcase> <!-- @BeforeTest Login -->
  <testcase classname="Baseclass.Browser_configration" name="@BeforeSuite beforeMethod" time="0.0">
    <ignored/>
  </testcase> <!-- @BeforeSuite beforeMethod -->
  <testcase classname="Baseclass.Browser_configration" name="@BeforeSuite beforeMethod" time="0.0">
    <ignored/>
  </testcase> <!-- @BeforeSuite beforeMethod -->
  <testcase classname="Baseclass.Browser_configration" name="@BeforeSuite beforeMethod" time="0.0">
    <ignored/>
  </testcase> <!-- @BeforeSuite beforeMethod -->
  <testcase classname="Baseclass.Browser_configration" name="@BeforeSuite beforeMethod" time="0.0">
    <ignored/>
  </testcase> <!-- @BeforeSuite beforeMethod -->
  <testcase classname="Baseclass.Browser_configration" name="@BeforeSuite beforeMethod" time="0.0">
    <ignored/>
  </testcase> <!-- @BeforeSuite beforeMethod -->
  <testcase classname="AdmifyWindows.LoginPage" name="@BeforeTest Login" time="0.0">
    <ignored/>
  </testcase> <!-- @BeforeTest Login -->
  <testcase classname="Baseclass.Browser_configration" name="@BeforeSuite beforeMethod" time="0.0">
    <ignored/>
  </testcase> <!-- @BeforeSuite beforeMethod -->
  <testcase classname="AdmifyWindows.LoginPage" name="@BeforeTest Login" time="0.0">
    <ignored/>
  </testcase> <!-- @BeforeTest Login -->
  <testcase classname="AdmifyWindows.LoginPage" name="@BeforeTest Login" time="0.0">
    <ignored/>
  </testcase> <!-- @BeforeTest Login -->
  <testcase classname="Baseclass.Browser_configration" name="@BeforeSuite beforeMethod" time="0.0">
    <ignored/>
  </testcase> <!-- @BeforeSuite beforeMethod -->
  <testcase classname="AdmifyWindows.LoginPage" name="@BeforeTest Login" time="0.0">
    <ignored/>
  </testcase> <!-- @BeforeTest Login -->
</testsuite> <!-- CompleteProject -->
