<?xml version="1.0" encoding="UTF-8"?>
<!-- Generated by org.testng.reporters.JUnitXMLReporter -->
<testsuite ignored="6" hostname="DESKTOP-9BVIAGG" failures="2" tests="12" name="CompleteProject" time="186.918" errors="0" timestamp="2023-10-25T18:18:57 IST">
  <testcase classname="AdmifyWindows.Dashboard" name="DashBoard" time="10.867"/>
  <testcase classname="AdmifyWindows.Dashboard" name="DashboardLeadsCount" time="4.626"/>
  <testcase classname="AdmifyWindows.Dashboard" name="counsellor" time="4.63"/>
  <testcase classname="AdmifyWindows.Dashboard" name="Task" time="8.615"/>
  <testcase classname="AdmifyWindows.Dashboard" name="Leads" time="5.655"/>
  <testcase classname="AdmifyWindows.Dashboard" name="FunctionalGrid" time="6.621"/>
  <testcase classname="AdmifyWindows.LeadsPage" name="AddLeads" time="4.801"/>
  <testcase classname="AdmifyWindows.LeadsPage" name="AddLeadForm" time="32.712"/>
  <testcase classname="AdmifyWindows.LeadsPage" name="Filter" time="31.465"/>
  <testcase classname="AdmifyWindows.LeadsPage" name="AddGroup" time="34.331"/>
  <testcase classname="AdmifyWindows.InvalidLeads" name="InValidLeads" time="40.603">
    <failure type="org.openqa.selenium.ElementClickInterceptedException" message="element click intercepted: Element &amp;lt;div class=&amp;quot;flex  flex-1 h-full flex-col&amp;quot; style=&amp;quot;max-width: 100%;&amp;quot;&amp;gt;...&amp;lt;/div&amp;gt; is not clickable at point (638, 357). Other element would receive the click: &amp;lt;div aria-hidden=&amp;quot;true&amp;quot; class=&amp;quot;MuiBackdrop-root MuiModal-backdrop css-919eu4&amp;quot; style=&amp;quot;opacity: 1; transition: opacity 225ms cubic-bezier(0.4, 0, 0.2, 1) 0ms;&amp;quot;&amp;gt;&amp;lt;/div&amp;gt;
  (Session info: chrome=118.0.5993.89)
Build info: version: &amp;apos;4.12.1&amp;apos;, revision: &amp;apos;8e34639b11&amp;apos;
System info: os.name: &amp;apos;Windows 10&amp;apos;, os.arch: &amp;apos;amd64&amp;apos;, os.version: &amp;apos;10.0&amp;apos;, java.version: &amp;apos;17.0.8&amp;apos;
Driver info: org.openqa.selenium.chrome.ChromeDriver
Command: [497f73e582c9adcc9a28c6b0e680538d, clickElement {id=8EDACDB137ABE83A42BA76C215FC1B8C_element_1927}]
Capabilities {acceptInsecureCerts: false, browserName: chrome, browserVersion: 118.0.5993.89, chrome: {chromedriverVersion: 118.0.5993.70 (e52f33f30b91..., userDataDir: C:\Users\hp\AppData\Local\T...}, fedcm:accounts: true, goog:chromeOptions: {debuggerAddress: localhost:65135}, networkConnectionEnabled: false, pageLoadStrategy: normal, platformName: windows, proxy: Proxy(), se:cdp: ws://localhost:65135/devtoo..., se:cdpVersion: 118.0.5993.89, setWindowRect: true, strictFileInteractability: false, timeouts: {implicit: 0, pageLoad: 300000, script: 30000}, unhandledPromptBehavior: dismiss and notify, webauthn:extension:credBlob: true, webauthn:extension:largeBlob: true, webauthn:extension:minPinLength: true, webauthn:extension:prf: true, webauthn:virtualAuthenticators: true}
Element: [[ChromeDriver: chrome on windows (497f73e582c9adcc9a28c6b0e680538d)] -&amp;gt; xpath: /html/body/div[1]/div/div/div/div/div/main/div/div]
Session ID: 497f73e582c9adcc9a28c6b0e680538d">
      <![CDATA[org.openqa.selenium.ElementClickInterceptedException: element click intercepted: Element <div class="flex  flex-1 h-full flex-col" style="max-width: 100%;">...</div> is not clickable at point (638, 357). Other element would receive the click: <div aria-hidden="true" class="MuiBackdrop-root MuiModal-backdrop css-919eu4" style="opacity: 1; transition: opacity 225ms cubic-bezier(0.4, 0, 0.2, 1) 0ms;"></div>
  (Session info: chrome=118.0.5993.89)
Build info: version: '4.12.1', revision: '8e34639b11'
System info: os.name: 'Windows 10', os.arch: 'amd64', os.version: '10.0', java.version: '17.0.8'
Driver info: org.openqa.selenium.chrome.ChromeDriver
Command: [497f73e582c9adcc9a28c6b0e680538d, clickElement {id=8EDACDB137ABE83A42BA76C215FC1B8C_element_1927}]
Capabilities {acceptInsecureCerts: false, browserName: chrome, browserVersion: 118.0.5993.89, chrome: {chromedriverVersion: 118.0.5993.70 (e52f33f30b91..., userDataDir: C:\Users\hp\AppData\Local\T...}, fedcm:accounts: true, goog:chromeOptions: {debuggerAddress: localhost:65135}, networkConnectionEnabled: false, pageLoadStrategy: normal, platformName: windows, proxy: Proxy(), se:cdp: ws://localhost:65135/devtoo..., se:cdpVersion: 118.0.5993.89, setWindowRect: true, strictFileInteractability: false, timeouts: {implicit: 0, pageLoad: 300000, script: 30000}, unhandledPromptBehavior: dismiss and notify, webauthn:extension:credBlob: true, webauthn:extension:largeBlob: true, webauthn:extension:minPinLength: true, webauthn:extension:prf: true, webauthn:virtualAuthenticators: true}
Element: [[ChromeDriver: chrome on windows (497f73e582c9adcc9a28c6b0e680538d)] -> xpath: /html/body/div[1]/div/div/div/div/div/main/div/div]
Session ID: 497f73e582c9adcc9a28c6b0e680538d
at org.openqa.selenium.remote.codec.w3c.W3CHttpResponseCodec.createException(W3CHttpResponseCodec.java:200)
at org.openqa.selenium.remote.codec.w3c.W3CHttpResponseCodec.decode(W3CHttpResponseCodec.java:133)
at org.openqa.selenium.remote.codec.w3c.W3CHttpResponseCodec.decode(W3CHttpResponseCodec.java:52)
at org.openqa.selenium.remote.HttpCommandExecutor.execute(HttpCommandExecutor.java:191)
at org.openqa.selenium.remote.service.DriverCommandExecutor.invokeExecute(DriverCommandExecutor.java:196)
at org.openqa.selenium.remote.service.DriverCommandExecutor.execute(DriverCommandExecutor.java:171)
at org.openqa.selenium.remote.RemoteWebDriver.execute(RemoteWebDriver.java:602)
at org.openqa.selenium.remote.RemoteWebElement.execute(RemoteWebElement.java:224)
at org.openqa.selenium.remote.RemoteWebElement.click(RemoteWebElement.java:77)
at AdmifyWindows.InvalidLeads.InValidLeads(InvalidLeads.java:115)
at java.base/java.util.ArrayList.forEach(ArrayList.java:1511)
... Removed 32 stack frames]]>
    </failure>
  </testcase> <!-- InValidLeads -->
  <testcase classname="AdmifyWindows.InvalidLeads" name="EditInvalidLeads" time="1.129">
    <failure type="org.openqa.selenium.ElementClickInterceptedException" message="element click intercepted: Element &amp;lt;div data-id=&amp;quot;6513ff8d2a60c3eb73f88d85&amp;quot; data-rowindex=&amp;quot;0&amp;quot; role=&amp;quot;row&amp;quot; class=&amp;quot;MuiDataGrid-row&amp;quot; aria-rowindex=&amp;quot;2&amp;quot; aria-selected=&amp;quot;false&amp;quot; style=&amp;quot;max-height: 36px; min-height: 36px;&amp;quot;&amp;gt;...&amp;lt;/div&amp;gt; is not clickable at point (630, 286). Other element would receive the click: &amp;lt;div aria-hidden=&amp;quot;true&amp;quot; class=&amp;quot;MuiBackdrop-root MuiModal-backdrop css-919eu4&amp;quot; style=&amp;quot;opacity: 1; transition: opacity 225ms cubic-bezier(0.4, 0, 0.2, 1) 0ms;&amp;quot;&amp;gt;&amp;lt;/div&amp;gt;
  (Session info: chrome=118.0.5993.89)
Build info: version: &amp;apos;4.12.1&amp;apos;, revision: &amp;apos;8e34639b11&amp;apos;
System info: os.name: &amp;apos;Windows 10&amp;apos;, os.arch: &amp;apos;amd64&amp;apos;, os.version: &amp;apos;10.0&amp;apos;, java.version: &amp;apos;17.0.8&amp;apos;
Driver info: org.openqa.selenium.chrome.ChromeDriver
Command: [497f73e582c9adcc9a28c6b0e680538d, clickElement {id=8EDACDB137ABE83A42BA76C215FC1B8C_element_1937}]
Capabilities {acceptInsecureCerts: false, browserName: chrome, browserVersion: 118.0.5993.89, chrome: {chromedriverVersion: 118.0.5993.70 (e52f33f30b91..., userDataDir: C:\Users\hp\AppData\Local\T...}, fedcm:accounts: true, goog:chromeOptions: {debuggerAddress: localhost:65135}, networkConnectionEnabled: false, pageLoadStrategy: normal, platformName: windows, proxy: Proxy(), se:cdp: ws://localhost:65135/devtoo..., se:cdpVersion: 118.0.5993.89, setWindowRect: true, strictFileInteractability: false, timeouts: {implicit: 0, pageLoad: 300000, script: 30000}, unhandledPromptBehavior: dismiss and notify, webauthn:extension:credBlob: true, webauthn:extension:largeBlob: true, webauthn:extension:minPinLength: true, webauthn:extension:prf: true, webauthn:virtualAuthenticators: true}
Element: [[ChromeDriver: chrome on windows (497f73e582c9adcc9a28c6b0e680538d)] -&amp;gt; xpath: /html/body/div[1]/div/div/div/div/div/main/div/div/div[2]/div[2]/div[2]/div[2]/div/div/div[1]]
Session ID: 497f73e582c9adcc9a28c6b0e680538d">
      <![CDATA[org.openqa.selenium.ElementClickInterceptedException: element click intercepted: Element <div data-id="6513ff8d2a60c3eb73f88d85" data-rowindex="0" role="row" class="MuiDataGrid-row" aria-rowindex="2" aria-selected="false" style="max-height: 36px; min-height: 36px;">...</div> is not clickable at point (630, 286). Other element would receive the click: <div aria-hidden="true" class="MuiBackdrop-root MuiModal-backdrop css-919eu4" style="opacity: 1; transition: opacity 225ms cubic-bezier(0.4, 0, 0.2, 1) 0ms;"></div>
  (Session info: chrome=118.0.5993.89)
Build info: version: '4.12.1', revision: '8e34639b11'
System info: os.name: 'Windows 10', os.arch: 'amd64', os.version: '10.0', java.version: '17.0.8'
Driver info: org.openqa.selenium.chrome.ChromeDriver
Command: [497f73e582c9adcc9a28c6b0e680538d, clickElement {id=8EDACDB137ABE83A42BA76C215FC1B8C_element_1937}]
Capabilities {acceptInsecureCerts: false, browserName: chrome, browserVersion: 118.0.5993.89, chrome: {chromedriverVersion: 118.0.5993.70 (e52f33f30b91..., userDataDir: C:\Users\hp\AppData\Local\T...}, fedcm:accounts: true, goog:chromeOptions: {debuggerAddress: localhost:65135}, networkConnectionEnabled: false, pageLoadStrategy: normal, platformName: windows, proxy: Proxy(), se:cdp: ws://localhost:65135/devtoo..., se:cdpVersion: 118.0.5993.89, setWindowRect: true, strictFileInteractability: false, timeouts: {implicit: 0, pageLoad: 300000, script: 30000}, unhandledPromptBehavior: dismiss and notify, webauthn:extension:credBlob: true, webauthn:extension:largeBlob: true, webauthn:extension:minPinLength: true, webauthn:extension:prf: true, webauthn:virtualAuthenticators: true}
Element: [[ChromeDriver: chrome on windows (497f73e582c9adcc9a28c6b0e680538d)] -> xpath: /html/body/div[1]/div/div/div/div/div/main/div/div/div[2]/div[2]/div[2]/div[2]/div/div/div[1]]
Session ID: 497f73e582c9adcc9a28c6b0e680538d
at org.openqa.selenium.remote.codec.w3c.W3CHttpResponseCodec.createException(W3CHttpResponseCodec.java:200)
at org.openqa.selenium.remote.codec.w3c.W3CHttpResponseCodec.decode(W3CHttpResponseCodec.java:133)
at org.openqa.selenium.remote.codec.w3c.W3CHttpResponseCodec.decode(W3CHttpResponseCodec.java:52)
at org.openqa.selenium.remote.HttpCommandExecutor.execute(HttpCommandExecutor.java:191)
at org.openqa.selenium.remote.service.DriverCommandExecutor.invokeExecute(DriverCommandExecutor.java:196)
at org.openqa.selenium.remote.service.DriverCommandExecutor.execute(DriverCommandExecutor.java:171)
at org.openqa.selenium.remote.RemoteWebDriver.execute(RemoteWebDriver.java:602)
at org.openqa.selenium.remote.RemoteWebElement.execute(RemoteWebElement.java:224)
at org.openqa.selenium.remote.RemoteWebElement.click(RemoteWebElement.java:77)
at AdmifyWindows.InvalidLeads.EditInvalidLeads(InvalidLeads.java:149)
at java.base/java.util.ArrayList.forEach(ArrayList.java:1511)
... Removed 32 stack frames]]>
    </failure>
  </testcase> <!-- EditInvalidLeads -->
  <testcase classname="Baseclass.Browser_configration" name="@BeforeSuite beforeMethod" time="0.0">
    <ignored/>
  </testcase> <!-- @BeforeSuite beforeMethod -->
  <testcase classname="Baseclass.Browser_configration" name="@BeforeSuite beforeMethod" time="0.0">
    <ignored/>
  </testcase> <!-- @BeforeSuite beforeMethod -->
  <testcase classname="Baseclass.Browser_configration" name="@BeforeSuite beforeMethod" time="0.0">
    <ignored/>
  </testcase> <!-- @BeforeSuite beforeMethod -->
  <testcase classname="AdmifyWindows.LoginPage" name="@BeforeTest Login" time="0.0">
    <ignored/>
  </testcase> <!-- @BeforeTest Login -->
  <testcase classname="AdmifyWindows.LoginPage" name="@BeforeTest Login" time="0.0">
    <ignored/>
  </testcase> <!-- @BeforeTest Login -->
  <testcase classname="AdmifyWindows.LoginPage" name="@BeforeTest Login" time="0.0">
    <ignored/>
  </testcase> <!-- @BeforeTest Login -->
</testsuite> <!-- CompleteProject -->
