<?xml version="1.0" encoding="UTF-8"?>
<testng-results ignored="0" total="2" passed="2" failed="0" skipped="0">
  <reporter-output>
  </reporter-output>
  <suite started-at="2023-11-07T17:20:19 IST" name="Default suite" finished-at="2023-11-07T17:20:26 IST" duration-ms="7845">
    <groups>
    </groups>
    <test started-at="2023-11-07T17:20:19 IST" name="Default test" finished-at="2023-11-07T17:20:26 IST" duration-ms="7845">
      <class name="AdmifyWindows.TeamLeaderPage">
        <test-method is-config="true" signature="beforeMethod()[pri:0, instance:AdmifyWindows.TeamLeaderPage@3a7442c7]" started-at="2023-11-07T17:20:16 IST" name="beforeMethod" finished-at="2023-11-07T17:20:19 IST" duration-ms="2793" status="PASS">
          <reporter-output>
          </reporter-output>
        </test-method> <!-- beforeMethod -->
        <test-method is-config="true" signature="Login()[pri:0, instance:AdmifyWindows.TeamLeaderPage@3a7442c7]" started-at="2023-11-07T17:20:19 IST" name="Login" finished-at="2023-11-07T17:20:19 IST" duration-ms="466" status="PASS">
          <reporter-output>
          </reporter-output>
        </test-method> <!-- Login -->
        <test-method signature="TeamLeaderFields()[pri:0, instance:AdmifyWindows.TeamLeaderPage@3a7442c7]" started-at="2023-11-07T17:20:19 IST" name="TeamLeaderFields" finished-at="2023-11-07T17:20:24 IST" duration-ms="5058" status="PASS">
          <reporter-output>
          </reporter-output>
        </test-method> <!-- TeamLeaderFields -->
        <test-method signature="AddTeamLeader()[pri:2, instance:AdmifyWindows.TeamLeaderPage@3a7442c7]" started-at="2023-11-07T17:20:24 IST" name="AddTeamLeader" finished-at="2023-11-07T17:20:26 IST" duration-ms="2262" status="PASS">
          <reporter-output>
          </reporter-output>
        </test-method> <!-- AddTeamLeader -->
      </class> <!-- AdmifyWindows.TeamLeaderPage -->
    </test> <!-- Default test -->
  </suite> <!-- Default suite -->
</testng-results>
