<?xml version="1.0" encoding="UTF-8"?>
<testng-results ignored="0" total="2" passed="2" failed="0" skipped="0">
  <reporter-output>
  </reporter-output>
  <suite started-at="2023-11-09T14:38:16 IST" name="Default suite" finished-at="2023-11-09T14:38:41 IST" duration-ms="24328">
    <groups>
    </groups>
    <test started-at="2023-11-09T14:38:16 IST" name="Default test" finished-at="2023-11-09T14:38:41 IST" duration-ms="24328">
      <class name="AdmifyWindows.StaffPage">
        <test-method is-config="true" signature="beforeMethod()[pri:0, instance:AdmifyWindows.StaffPage@3a7442c7]" started-at="2023-11-09T14:38:13 IST" name="beforeMethod" finished-at="2023-11-09T14:38:16 IST" duration-ms="2988" status="PASS">
          <reporter-output>
          </reporter-output>
        </test-method> <!-- beforeMethod -->
        <test-method is-config="true" signature="Login()[pri:0, instance:AdmifyWindows.StaffPage@3a7442c7]" started-at="2023-11-09T14:38:16 IST" name="Login" finished-at="2023-11-09T14:38:17 IST" duration-ms="467" status="PASS">
          <reporter-output>
          </reporter-output>
        </test-method> <!-- Login -->
        <test-method signature="AddStaff()[pri:0, instance:AdmifyWindows.StaffPage@3a7442c7]" started-at="2023-11-09T14:38:17 IST" name="AddStaff" finished-at="2023-11-09T14:38:31 IST" duration-ms="13871" status="PASS">
          <reporter-output>
          </reporter-output>
        </test-method> <!-- AddStaff -->
        <test-method signature="StaffDetail()[pri:2, instance:AdmifyWindows.StaffPage@3a7442c7]" started-at="2023-11-09T14:38:31 IST" name="StaffDetail" finished-at="2023-11-09T14:38:41 IST" duration-ms="9925" status="PASS">
          <reporter-output>
          </reporter-output>
        </test-method> <!-- StaffDetail -->
      </class> <!-- AdmifyWindows.StaffPage -->
    </test> <!-- Default test -->
  </suite> <!-- Default suite -->
</testng-results>
