<?xml version="1.0" encoding="UTF-8"?>
<testng-results ignored="0" total="2" passed="2" failed="0" skipped="0">
  <reporter-output>
  </reporter-output>
  <suite started-at="2023-10-14T15:43:24 IST" name="Default suite" finished-at="2023-10-14T15:43:56 IST" duration-ms="31287">
    <groups>
    </groups>
    <test started-at="2023-10-14T15:43:24 IST" name="Default test" finished-at="2023-10-14T15:43:56 IST" duration-ms="31287">
      <class name="AdmifyWindows.LeadsPage">
        <test-method is-config="true" signature="beforeMethod()[pri:0, instance:AdmifyWindows.LeadsPage@49e53c76]" started-at="2023-10-14T15:43:22 IST" name="beforeMethod" finished-at="2023-10-14T15:43:24 IST" duration-ms="2764" status="PASS">
          <reporter-output>
          </reporter-output>
        </test-method> <!-- beforeMethod -->
        <test-method is-config="true" signature="Login()[pri:0, instance:AdmifyWindows.LeadsPage@49e53c76]" started-at="2023-10-14T15:43:24 IST" name="Login" finished-at="2023-10-14T15:43:25 IST" duration-ms="324" status="PASS">
          <reporter-output>
          </reporter-output>
        </test-method> <!-- Login -->
        <test-method signature="AddLeads()[pri:0, instance:AdmifyWindows.LeadsPage@49e53c76]" started-at="2023-10-14T15:43:25 IST" name="AddLeads" finished-at="2023-10-14T15:43:29 IST" duration-ms="4564" status="PASS">
          <reporter-output>
          </reporter-output>
        </test-method> <!-- AddLeads -->
        <test-method signature="AddLeadForm()[pri:2, instance:AdmifyWindows.LeadsPage@49e53c76]" started-at="2023-10-14T15:43:29 IST" name="AddLeadForm" finished-at="2023-10-14T15:43:56 IST" duration-ms="26372" status="PASS">
          <reporter-output>
          </reporter-output>
        </test-method> <!-- AddLeadForm -->
      </class> <!-- AdmifyWindows.LeadsPage -->
    </test> <!-- Default test -->
  </suite> <!-- Default suite -->
</testng-results>
