<?xml version="1.0" encoding="UTF-8"?>
<testng-results ignored="0" total="3" passed="3" failed="0" skipped="0">
  <reporter-output>
  </reporter-output>
  <suite started-at="2023-11-03T13:02:10 IST" name="Default suite" finished-at="2023-11-03T13:03:39 IST" duration-ms="89022">
    <groups>
    </groups>
    <test started-at="2023-11-03T13:02:10 IST" name="Default test" finished-at="2023-11-03T13:03:39 IST" duration-ms="89022">
      <class name="AdmifyWindows.TasksPage">
        <test-method is-config="true" signature="beforeMethod()[pri:0, instance:AdmifyWindows.TasksPage@4be29ed9]" started-at="2023-11-03T13:02:07 IST" name="beforeMethod" finished-at="2023-11-03T13:02:10 IST" duration-ms="3102" status="PASS">
          <reporter-output>
          </reporter-output>
        </test-method> <!-- beforeMethod -->
        <test-method is-config="true" signature="Login()[pri:0, instance:AdmifyWindows.TasksPage@4be29ed9]" started-at="2023-11-03T13:02:10 IST" name="Login" finished-at="2023-11-03T13:02:10 IST" duration-ms="443" status="PASS">
          <reporter-output>
          </reporter-output>
        </test-method> <!-- Login -->
        <test-method signature="AddTask()[pri:1, instance:AdmifyWindows.TasksPage@4be29ed9]" started-at="2023-11-03T13:02:10 IST" name="AddTask" finished-at="2023-11-03T13:02:44 IST" duration-ms="34025" status="PASS">
          <reporter-output>
          </reporter-output>
        </test-method> <!-- AddTask -->
        <test-method signature="TasksFunctionality()[pri:2, instance:AdmifyWindows.TasksPage@4be29ed9]" started-at="2023-11-03T13:02:44 IST" name="TasksFunctionality" finished-at="2023-11-03T13:03:20 IST" duration-ms="35718" status="PASS">
          <reporter-output>
          </reporter-output>
        </test-method> <!-- TasksFunctionality -->
        <test-method signature="TaskDetial()[pri:3, instance:AdmifyWindows.TasksPage@4be29ed9]" started-at="2023-11-03T13:03:20 IST" name="TaskDetial" finished-at="2023-11-03T13:03:39 IST" duration-ms="18785" status="PASS">
          <reporter-output>
          </reporter-output>
        </test-method> <!-- TaskDetial -->
      </class> <!-- AdmifyWindows.TasksPage -->
    </test> <!-- Default test -->
  </suite> <!-- Default suite -->
</testng-results>
