<?xml version="1.0" encoding="UTF-8"?>
<testng-results ignored="0" total="4" passed="4" failed="0" skipped="0">
  <reporter-output>
  </reporter-output>
  <suite started-at="2023-10-20T15:32:12 IST" name="Default suite" finished-at="2023-10-20T15:33:27 IST" duration-ms="74296">
    <groups>
    </groups>
    <test started-at="2023-10-20T15:32:12 IST" name="Default test" finished-at="2023-10-20T15:33:27 IST" duration-ms="74296">
      <class name="AdmifyWindows.LeadsPage">
        <test-method is-config="true" signature="beforeMethod()[pri:0, instance:AdmifyWindows.LeadsPage@2a3b5b47]" started-at="2023-10-20T15:32:08 IST" name="beforeMethod" finished-at="2023-10-20T15:32:12 IST" duration-ms="4227" status="PASS">
          <reporter-output>
          </reporter-output>
        </test-method> <!-- beforeMethod -->
        <test-method is-config="true" signature="Login()[pri:0, instance:AdmifyWindows.LeadsPage@2a3b5b47]" started-at="2023-10-20T15:32:12 IST" name="Login" finished-at="2023-10-20T15:32:13 IST" duration-ms="968" status="PASS">
          <reporter-output>
          </reporter-output>
        </test-method> <!-- Login -->
        <test-method signature="AddLeads()[pri:1, instance:AdmifyWindows.LeadsPage@2a3b5b47]" started-at="2023-10-20T15:32:13 IST" name="AddLeads" finished-at="2023-10-20T15:32:18 IST" duration-ms="5058" status="PASS">
          <reporter-output>
          </reporter-output>
        </test-method> <!-- AddLeads -->
        <test-method signature="AddLeadForm()[pri:2, instance:AdmifyWindows.LeadsPage@2a3b5b47]" started-at="2023-10-20T15:32:18 IST" name="AddLeadForm" finished-at="2023-10-20T15:32:51 IST" duration-ms="32963" status="PASS">
          <reporter-output>
          </reporter-output>
        </test-method> <!-- AddLeadForm -->
        <test-method signature="Filter()[pri:3, instance:AdmifyWindows.LeadsPage@2a3b5b47]" started-at="2023-10-20T15:32:51 IST" name="Filter" finished-at="2023-10-20T15:33:21 IST" duration-ms="29610" status="PASS">
          <reporter-output>
          </reporter-output>
        </test-method> <!-- Filter -->
        <test-method signature="AddGroup()[pri:4, instance:AdmifyWindows.LeadsPage@2a3b5b47]" started-at="2023-10-20T15:33:21 IST" name="AddGroup" finished-at="2023-10-20T15:33:27 IST" duration-ms="5615" status="PASS">
          <reporter-output>
          </reporter-output>
        </test-method> <!-- AddGroup -->
      </class> <!-- AdmifyWindows.LeadsPage -->
    </test> <!-- Default test -->
  </suite> <!-- Default suite -->
</testng-results>
