<?xml version="1.0" encoding="UTF-8"?>
<testng-results ignored="0" total="7" passed="7" failed="0" skipped="0">
  <reporter-output>
  </reporter-output>
  <suite started-at="2023-10-11T17:04:55 IST" name="Default suite" finished-at="2023-10-11T17:05:35 IST" duration-ms="40443">
    <groups>
    </groups>
    <test started-at="2023-10-11T17:04:55 IST" name="Default test" finished-at="2023-10-11T17:05:35 IST" duration-ms="40443">
      <class name="AdmifyWindows.LoginPage">
        <test-method is-config="true" signature="beforeMethod()[pri:0, instance:AdmifyWindows.LoginPage@4b013c76]" started-at="2023-10-11T17:04:51 IST" name="beforeMethod" finished-at="2023-10-11T17:04:55 IST" duration-ms="3500" status="PASS">
          <reporter-output>
          </reporter-output>
        </test-method> <!-- beforeMethod -->
        <test-method signature="Login()[pri:1, instance:AdmifyWindows.LoginPage@4b013c76]" started-at="2023-10-11T17:04:55 IST" name="Login" finished-at="2023-10-11T17:04:56 IST" duration-ms="877" status="PASS">
          <reporter-output>
          </reporter-output>
        </test-method> <!-- Login -->
        <test-method signature="Dashboard()[pri:2, instance:AdmifyWindows.LoginPage@4b013c76]" started-at="2023-10-11T17:04:56 IST" name="Dashboard" finished-at="2023-10-11T17:05:07 IST" duration-ms="10667" status="PASS">
          <reporter-output>
          </reporter-output>
        </test-method> <!-- Dashboard -->
        <test-method signature="DashboardLeadsCount()[pri:3, instance:AdmifyWindows.LoginPage@4b013c76]" started-at="2023-10-11T17:05:07 IST" name="DashboardLeadsCount" finished-at="2023-10-11T17:05:11 IST" duration-ms="4539" status="PASS">
          <reporter-output>
          </reporter-output>
        </test-method> <!-- DashboardLeadsCount -->
        <test-method signature="counsellor()[pri:4, instance:AdmifyWindows.LoginPage@4b013c76]" started-at="2023-10-11T17:05:11 IST" name="counsellor" finished-at="2023-10-11T17:05:16 IST" duration-ms="4510" status="PASS">
          <reporter-output>
          </reporter-output>
        </test-method> <!-- counsellor -->
        <test-method signature="Task()[pri:5, instance:AdmifyWindows.LoginPage@4b013c76]" started-at="2023-10-11T17:05:16 IST" name="Task" finished-at="2023-10-11T17:05:24 IST" duration-ms="8469" status="PASS">
          <reporter-output>
          </reporter-output>
        </test-method> <!-- Task -->
        <test-method signature="Leads()[pri:6, instance:AdmifyWindows.LoginPage@4b013c76]" started-at="2023-10-11T17:05:24 IST" name="Leads" finished-at="2023-10-11T17:05:30 IST" duration-ms="5409" status="PASS">
          <reporter-output>
          </reporter-output>
        </test-method> <!-- Leads -->
        <test-method signature="FunctionalGrid()[pri:7, instance:AdmifyWindows.LoginPage@4b013c76]" started-at="2023-10-11T17:05:30 IST" name="FunctionalGrid" finished-at="2023-10-11T17:05:35 IST" duration-ms="5826" status="PASS">
          <reporter-output>
          </reporter-output>
        </test-method> <!-- FunctionalGrid -->
        <test-method is-config="true" signature="afterMethod()[pri:0, instance:AdmifyWindows.LoginPage@4b013c76]" started-at="2023-10-11T17:05:35 IST" name="afterMethod" finished-at="2023-10-11T17:05:35 IST" duration-ms="1" status="PASS">
          <reporter-output>
          </reporter-output>
        </test-method> <!-- afterMethod -->
      </class> <!-- AdmifyWindows.LoginPage -->
    </test> <!-- Default test -->
  </suite> <!-- Default suite -->
</testng-results>
