<?xml version="1.0" encoding="UTF-8"?>
<testng-results ignored="0" total="2" passed="2" failed="0" skipped="0">
  <reporter-output>
  </reporter-output>
  <suite started-at="2023-11-02T17:47:47 IST" name="Default suite" finished-at="2023-11-02T17:48:37 IST" duration-ms="49272">
    <groups>
    </groups>
    <test started-at="2023-11-02T17:47:47 IST" name="Default test" finished-at="2023-11-02T17:48:37 IST" duration-ms="49272">
      <class name="AdmifyWindows.TasksPage">
        <test-method is-config="true" signature="beforeMethod()[pri:0, instance:AdmifyWindows.TasksPage@3a7442c7]" started-at="2023-11-02T17:47:42 IST" name="beforeMethod" finished-at="2023-11-02T17:47:47 IST" duration-ms="5274" status="PASS">
          <reporter-output>
          </reporter-output>
        </test-method> <!-- beforeMethod -->
        <test-method is-config="true" signature="Login()[pri:0, instance:AdmifyWindows.TasksPage@3a7442c7]" started-at="2023-11-02T17:47:47 IST" name="Login" finished-at="2023-11-02T17:47:48 IST" duration-ms="575" status="PASS">
          <reporter-output>
          </reporter-output>
        </test-method> <!-- Login -->
        <test-method signature="AddTask()[pri:1, instance:AdmifyWindows.TasksPage@3a7442c7]" started-at="2023-11-02T17:47:48 IST" name="AddTask" finished-at="2023-11-02T17:48:21 IST" duration-ms="33381" status="PASS">
          <reporter-output>
          </reporter-output>
        </test-method> <!-- AddTask -->
        <test-method signature="TasksFunctionality()[pri:2, instance:AdmifyWindows.TasksPage@3a7442c7]" started-at="2023-11-02T17:48:21 IST" name="TasksFunctionality" finished-at="2023-11-02T17:48:37 IST" duration-ms="15259" status="PASS">
          <reporter-output>
          </reporter-output>
        </test-method> <!-- TasksFunctionality -->
      </class> <!-- AdmifyWindows.TasksPage -->
    </test> <!-- Default test -->
  </suite> <!-- Default suite -->
</testng-results>
