<?xml version="1.0" encoding="UTF-8"?>
<testng-results ignored="0" total="2" passed="2" failed="0" skipped="0">
  <reporter-output>
  </reporter-output>
  <suite started-at="2023-10-27T17:55:00 IST" name="Default suite" finished-at="2023-10-27T17:55:18 IST" duration-ms="17646">
    <groups>
    </groups>
    <test started-at="2023-10-27T17:55:00 IST" name="Default test" finished-at="2023-10-27T17:55:18 IST" duration-ms="17646">
      <class name="AdmifyWindows.Groups">
        <test-method is-config="true" signature="beforeMethod()[pri:0, instance:AdmifyWindows.Groups@49e53c76]" started-at="2023-10-27T17:54:56 IST" name="beforeMethod" finished-at="2023-10-27T17:55:00 IST" duration-ms="4303" status="PASS">
          <reporter-output>
          </reporter-output>
        </test-method> <!-- beforeMethod -->
        <test-method is-config="true" signature="Login()[pri:0, instance:AdmifyWindows.Groups@49e53c76]" started-at="2023-10-27T17:55:00 IST" name="Login" finished-at="2023-10-27T17:55:01 IST" duration-ms="888" status="PASS">
          <reporter-output>
          </reporter-output>
        </test-method> <!-- Login -->
        <test-method signature="CreateGroups()[pri:0, instance:AdmifyWindows.Groups@49e53c76]" started-at="2023-10-27T17:55:01 IST" name="CreateGroups" finished-at="2023-10-27T17:55:12 IST" duration-ms="10820" status="PASS">
          <reporter-output>
          </reporter-output>
        </test-method> <!-- CreateGroups -->
        <test-method signature="GroupDetailPage()[pri:2, instance:AdmifyWindows.Groups@49e53c76]" started-at="2023-10-27T17:55:12 IST" name="GroupDetailPage" finished-at="2023-10-27T17:55:18 IST" duration-ms="5890" status="PASS">
          <reporter-output>
          </reporter-output>
        </test-method> <!-- GroupDetailPage -->
      </class> <!-- AdmifyWindows.Groups -->
    </test> <!-- Default test -->
  </suite> <!-- Default suite -->
</testng-results>
