<?xml version="1.0" encoding="UTF-8"?>
<testng-results ignored="0" total="3" passed="3" failed="0" skipped="0">
  <reporter-output>
  </reporter-output>
  <suite started-at="2023-10-16T16:33:59 IST" name="Default suite" finished-at="2023-10-16T16:34:55 IST" duration-ms="56172">
    <groups>
    </groups>
    <test started-at="2023-10-16T16:33:59 IST" name="Default test" finished-at="2023-10-16T16:34:55 IST" duration-ms="56172">
      <class name="AdmifyWindows.LeadsPage">
        <test-method is-config="true" signature="beforeMethod()[pri:0, instance:AdmifyWindows.LeadsPage@351d00c0]" started-at="2023-10-16T16:33:54 IST" name="beforeMethod" finished-at="2023-10-16T16:33:59 IST" duration-ms="5528" status="PASS">
          <reporter-output>
          </reporter-output>
        </test-method> <!-- beforeMethod -->
        <test-method is-config="true" signature="Login()[pri:0, instance:AdmifyWindows.LeadsPage@351d00c0]" started-at="2023-10-16T16:33:59 IST" name="Login" finished-at="2023-10-16T16:34:00 IST" duration-ms="735" status="PASS">
          <reporter-output>
          </reporter-output>
        </test-method> <!-- Login -->
        <test-method signature="AddLeads()[pri:0, instance:AdmifyWindows.LeadsPage@351d00c0]" started-at="2023-10-16T16:34:00 IST" name="AddLeads" finished-at="2023-10-16T16:34:05 IST" duration-ms="5538" status="PASS">
          <reporter-output>
          </reporter-output>
        </test-method> <!-- AddLeads -->
        <test-method signature="AddLeadForm()[pri:2, instance:AdmifyWindows.LeadsPage@351d00c0]" started-at="2023-10-16T16:34:05 IST" name="AddLeadForm" finished-at="2023-10-16T16:34:46 IST" duration-ms="40613" status="PASS">
          <reporter-output>
          </reporter-output>
        </test-method> <!-- AddLeadForm -->
        <test-method signature="Filter()[pri:3, instance:AdmifyWindows.LeadsPage@351d00c0]" started-at="2023-10-16T16:34:46 IST" name="Filter" finished-at="2023-10-16T16:34:55 IST" duration-ms="9227" status="PASS">
          <reporter-output>
          </reporter-output>
        </test-method> <!-- Filter -->
      </class> <!-- AdmifyWindows.LeadsPage -->
    </test> <!-- Default test -->
  </suite> <!-- Default suite -->
</testng-results>
